Using pre-set license

 COMMAND LINE ARGUMENTS:
/Applications/Unity/Hub/Editor/2020.3.5f1/Unity.app/Contents/MacOS/Unity
-adb2
-batchMode
-noUpm
-name
AssetImportWorker0
-projectPath
/Users/prabhleenkharey/Desktop/AIE VET/Topic 6 - Final Game/Spieff
-logFile
Logs/AssetImportWorker0.log
-srvPort
61623
Successfully changed project path to: /Users/prabhleenkharey/Desktop/AIE VET/Topic 6 - Final Game/Spieff
/Users/prabhleenkharey/Desktop/AIE VET/Topic 6 - Final Game/Spieff
Using Asset Import Pipeline V2.
Refreshing native plugins compatible for Editor in 25.31 ms, found 1 plugins.
Preloading 0 native plugins for Editor in 0.00 ms.
Initialize engine version: 2020.3.5f1 (8095aa901b9b)
[Subsystems] Discovering subsystems at path /Applications/Unity/Hub/Editor/2020.3.5f1/Unity.app/Contents/Resources/UnitySubsystems
[Subsystems] Discovering subsystems at path /Users/prabhleenkharey/Desktop/AIE VET/Topic 6 - Final Game/Spieff/Assets
GfxDevice: creating device client; threaded=0
2022-06-21 12:10:09.325 Unity[8197:445007] Color LCD preferred device: Intel(R) Iris(TM) Plus Graphics 655 (low power)
2022-06-21 12:10:09.325 Unity[8197:445007] Metal devices available: 1
2022-06-21 12:10:09.325 Unity[8197:445007] 0: Intel(R) Iris(TM) Plus Graphics 655 (low power)
2022-06-21 12:10:09.325 Unity[8197:445007] Using device Intel(R) Iris(TM) Plus Graphics 655 (low power)
Initializing Metal device caps: Intel(R) Iris(TM) Plus Graphics 655
Initialize mono
Mono path[0] = '/Applications/Unity/Hub/Editor/2020.3.5f1/Unity.app/Contents/Managed'
Mono path[1] = '/Applications/Unity/Hub/Editor/2020.3.5f1/Unity.app/Contents/MonoBleedingEdge/lib/mono/unityjit'
Mono config path = '/Applications/Unity/Hub/Editor/2020.3.5f1/Unity.app/Contents/MonoBleedingEdge/etc'
Using monoOptions --debugger-agent=transport=dt_socket,embedding=1,server=y,suspend=n,address=127.0.0.1:56197
Begin MonoManager ReloadAssembly
Registering precompiled unity dll's ...
Register platform support module: /Applications/Unity/Hub/Editor/2020.3.5f1/Unity.app/Contents/PlaybackEngines/MacStandaloneSupport/UnityEditor.OSXStandalone.Extensions.dll
Registered in 0.002376 seconds.
Native extension for OSXStandalone target not found
Refreshing native plugins compatible for Editor in 26.41 ms, found 1 plugins.
Preloading 0 native plugins for Editor in 0.00 ms.
Mono: successfully reloaded assembly
- Completed reload, in  1.831 seconds
Platform modules already initialized, skipping
Registering precompiled user dll's ...
Registered in 0.001847 seconds.
Begin MonoManager ReloadAssembly
Native extension for OSXStandalone target not found
Refreshing native plugins compatible for Editor in 0.25 ms, found 1 plugins.
Preloading 0 native plugins for Editor in 0.00 ms.
Mono: successfully reloaded assembly
- Completed reload, in  1.031 seconds
Platform modules already initialized, skipping
========================================================================
Worker process is ready to serve import requests
Launching external process: /Applications/Unity/Hub/Editor/2020.3.5f1/Unity.app/Contents/Tools/UnityShaderCompiler
Launched and connected shader compiler UnityShaderCompiler after 0.02 seconds
Refreshing native plugins compatible for Editor in 0.33 ms, found 1 plugins.
Preloading 0 native plugins for Editor in 0.00 ms.
Unloading 1124 Unused Serialized files (Serialized files now loaded: 0)
System memory in use before: 109.6 MB.
System memory in use after: 109.7 MB.

Unloading 9 unused Assets to reduce memory usage. Loaded Objects now: 1568.
Total: 2.864196 ms (FindLiveObjects: 0.325137 ms CreateObjectMapping: 0.108676 ms MarkObjects: 2.291569 ms  DeleteObjects: 0.137387 ms)

========================================================================
Received Import Request.
  path: Assets/Scripts/CountdownTimer.cs
  artifactKey: Guid(3d53220aa3fe841a8bfcf47a9c134638) Importer(815301076,1909f56bfc062723c751e8b465ee728b)
Start importing Assets/Scripts/CountdownTimer.cs using Guid(3d53220aa3fe841a8bfcf47a9c134638) Importer(815301076,1909f56bfc062723c751e8b465ee728b)  -> (artifact id: '9ea3ecdee48417d170a66992e4da2a5e') in 0.193015 seconds
  Import took 0.196699 seconds .

========================================================================
Received Import Request.
  Time since last request: 0.000202 seconds.
  path: Assets/Scripts/Item.cs
  artifactKey: Guid(9c57afef047a02847bf1c2ddc173b02e) Importer(815301076,1909f56bfc062723c751e8b465ee728b)
Start importing Assets/Scripts/Item.cs using Guid(9c57afef047a02847bf1c2ddc173b02e) Importer(815301076,1909f56bfc062723c751e8b465ee728b)  -> (artifact id: '96155c0394227c93e21cf1bdd9f05a32') in 0.004765 seconds
  Import took 0.006920 seconds .

========================================================================
Received Import Request.
  Time since last request: 0.000226 seconds.
  path: Assets/Scripts/EnemyPatrol.cs
  artifactKey: Guid(e742def356d38f34cb8c3f3ae44493e8) Importer(815301076,1909f56bfc062723c751e8b465ee728b)
Start importing Assets/Scripts/EnemyPatrol.cs using Guid(e742def356d38f34cb8c3f3ae44493e8) Importer(815301076,1909f56bfc062723c751e8b465ee728b)  -> (artifact id: '1bbfb86a8d5009903e0d7efb00943601') in 0.007707 seconds
  Import took 0.011203 seconds .

========================================================================
Received Import Request.
  Time since last request: 0.000529 seconds.
  path: Assets/Scripts/Inventory.cs
  artifactKey: Guid(b4254f87b3d644647948131c1dab60ff) Importer(815301076,1909f56bfc062723c751e8b465ee728b)
Start importing Assets/Scripts/Inventory.cs using Guid(b4254f87b3d644647948131c1dab60ff) Importer(815301076,1909f56bfc062723c751e8b465ee728b)  -> (artifact id: '643fe068a361398eb1f7d9179860df84') in 0.010000 seconds
  Import took 0.014685 seconds .

========================================================================
Received Import Request.
  Time since last request: 10.169805 seconds.
  path: Assets/Scripts/PlayerMovement.cs
  artifactKey: Guid(fb4ac5f907f693b4596653ac39478f19) Importer(815301076,1909f56bfc062723c751e8b465ee728b)
Start importing Assets/Scripts/PlayerMovement.cs using Guid(fb4ac5f907f693b4596653ac39478f19) Importer(815301076,1909f56bfc062723c751e8b465ee728b)  -> (artifact id: '33223f31b9f4528b9f0e763497ed85fa') in 0.011119 seconds
  Import took 0.019829 seconds .

========================================================================
Received Prepare
Refreshing native plugins compatible for Editor in 3.23 ms, found 1 plugins.
Preloading 0 native plugins for Editor in 0.00 ms.
Unloading 2 Unused Serialized files (Serialized files now loaded: 0)
System memory in use before: 91.4 MB.
System memory in use after: 91.5 MB.

Unloading 2 unused Assets to reduce memory usage. Loaded Objects now: 1568.
Total: 25.038319 ms (FindLiveObjects: 1.031018 ms CreateObjectMapping: 0.044980 ms MarkObjects: 23.904056 ms  DeleteObjects: 0.056240 ms)

